<?xml version="1.0" encoding="UTF-8"?>
<!-- Generated by org.testng.reporters.JUnitReportReporter -->
<testsuite hostname="IQZNGLLT018" failures="0" tests="1" name="testCases.TC001_Account001Test" time="0.010" errors="0" timestamp="2024-12-24T17:32:37 IST" skipped="0">
  <testcase classname="testCases.TC001_Account001Test" name="getTC001_Account001Test" time="0.010"/>
  <system-out/>
</testsuite> <!-- testCases.TC001_Account001Test -->
