<?xml version="1.0" encoding="UTF-8"?>
<!-- Generated by org.testng.reporters.JUnitReportReporter -->
<testsuite hostname="IQZNGLLT018" failures="0" tests="1" name="testCases.TC003_Account003Test" time="0.001" errors="0" timestamp="2024-12-25T11:26:18 IST" skipped="0">
  <testcase classname="testCases.TC003_Account003Test" name="getTC003_Account003Test" time="0.001"/>
  <system-out/>
</testsuite> <!-- testCases.TC003_Account003Test -->
