<?xml version="1.0" encoding="UTF-8"?>
<!-- Generated by org.testng.reporters.JUnitReportReporter -->
<testsuite hostname="IQZNGLLT018" failures="0" tests="3" name="testCases.TC001_Account001Test" time="0.014" errors="0" timestamp="2024-12-25T11:02:39 IST" skipped="0">
  <testcase classname="testCases.TC001_Account001Test" name="getTC001_Account001Test" time="0.003"/>
  <system-out/>
  <testcase classname="testCases.TC001_Account001Test" name="getTC001_Account001Test" time="0.003"/>
  <system-out/>
  <testcase classname="testCases.TC001_Account001Test" name="getTC001_Account001Test" time="0.008"/>
  <system-out/>
</testsuite> <!-- testCases.TC001_Account001Test -->
