<?xml version="1.0" encoding="UTF-8"?>
<!-- Generated by org.testng.reporters.JUnitReportReporter -->
<testsuite hostname="IQZNGLLT018" failures="0" tests="1" name="testCases.TC002_Account002Test" time="0.004" errors="0" timestamp="2024-12-24T17:32:37 IST" skipped="0">
  <testcase classname="testCases.TC002_Account002Test" name="getTC002_Account002Test" time="0.004"/>
  <system-out/>
</testsuite> <!-- testCases.TC002_Account002Test -->
