<?xml version="1.0" encoding="UTF-8"?>
<!-- Generated by org.testng.reporters.JUnitReportReporter -->
<testsuite hostname="IQZNGLLT018" failures="0" tests="6" name="testCases.TC004_AccountDDT004Test" time="18.095" errors="0" timestamp="2024-12-25T12:23:09 IST" skipped="0">
  <testcase classname="testCases.TC004_AccountDDT004Test" name="verify_DDT" time="3.023"/>
  <system-out/>
  <testcase classname="testCases.TC004_AccountDDT004Test" name="verify_DDT" time="3.018"/>
  <system-out/>
  <testcase classname="testCases.TC004_AccountDDT004Test" name="verify_DDT" time="3.008"/>
  <system-out/>
  <testcase classname="testCases.TC004_AccountDDT004Test" name="verify_DDT" time="3.014"/>
  <system-out/>
  <testcase classname="testCases.TC004_AccountDDT004Test" name="verify_DDT" time="3.017"/>
  <system-out/>
  <testcase classname="testCases.TC004_AccountDDT004Test" name="verify_DDT" time="3.015"/>
  <system-out/>
</testsuite> <!-- testCases.TC004_AccountDDT004Test -->
