<?xml version="1.0" encoding="UTF-8"?>
<!-- Generated by org.testng.reporters.JUnitReportReporter -->
<testsuite hostname="IQZNGLLT018" failures="0" tests="6" name="testCases.TC004_AccountDDT004Test" time="18.059" errors="0" timestamp="2024-12-25T10:31:15 IST" skipped="0">
  <testcase classname="testCases.TC004_AccountDDT004Test" name="verify_DDT" time="3.009"/>
  <system-out/>
  <testcase classname="testCases.TC004_AccountDDT004Test" name="verify_DDT" time="3.004"/>
  <system-out/>
  <testcase classname="testCases.TC004_AccountDDT004Test" name="verify_DDT" time="3.014"/>
  <system-out/>
  <testcase classname="testCases.TC004_AccountDDT004Test" name="verify_DDT" time="3.006"/>
  <system-out/>
  <testcase classname="testCases.TC004_AccountDDT004Test" name="verify_DDT" time="3.012"/>
  <system-out/>
  <testcase classname="testCases.TC004_AccountDDT004Test" name="verify_DDT" time="3.014"/>
  <system-out/>
</testsuite> <!-- testCases.TC004_AccountDDT004Test -->
