<?xml version="1.0" encoding="UTF-8"?>
<!-- Generated by org.testng.reporters.JUnitReportReporter -->
<testsuite hostname="IQZNGLLT018" failures="0" tests="6" name="testCases.TC004_AccountDDT004Test" time="18.069" errors="0" timestamp="2024-12-25T11:26:18 IST" skipped="0">
  <testcase classname="testCases.TC004_AccountDDT004Test" name="verify_DDT" time="3.013"/>
  <system-out/>
  <testcase classname="testCases.TC004_AccountDDT004Test" name="verify_DDT" time="3.011"/>
  <system-out/>
  <testcase classname="testCases.TC004_AccountDDT004Test" name="verify_DDT" time="3.017"/>
  <system-out/>
  <testcase classname="testCases.TC004_AccountDDT004Test" name="verify_DDT" time="3.017"/>
  <system-out/>
  <testcase classname="testCases.TC004_AccountDDT004Test" name="verify_DDT" time="3.008"/>
  <system-out/>
  <testcase classname="testCases.TC004_AccountDDT004Test" name="verify_DDT" time="3.003"/>
  <system-out/>
</testsuite> <!-- testCases.TC004_AccountDDT004Test -->
