<?xml version="1.0" encoding="UTF-8"?>
<!-- Generated by org.testng.reporters.JUnitReportReporter -->
<testsuite hostname="IQZNGLLT018" failures="0" tests="6" name="testCases.TC004_AccountDDT004Test" time="18.081" errors="0" timestamp="2024-12-25T10:33:33 IST" skipped="0">
  <testcase classname="testCases.TC004_AccountDDT004Test" name="verify_DDT" time="3.014"/>
  <testcase classname="testCases.TC004_AccountDDT004Test" name="verify_DDT" time="3.013"/>
  <testcase classname="testCases.TC004_AccountDDT004Test" name="verify_DDT" time="3.012"/>
  <testcase classname="testCases.TC004_AccountDDT004Test" name="verify_DDT" time="3.011"/>
  <testcase classname="testCases.TC004_AccountDDT004Test" name="verify_DDT" time="3.016"/>
  <testcase classname="testCases.TC004_AccountDDT004Test" name="verify_DDT" time="3.015"/>
</testsuite> <!-- testCases.TC004_AccountDDT004Test -->
