<?xml version="1.0" encoding="UTF-8"?>
<!-- Generated by org.testng.reporters.JUnitReportReporter -->
<testsuite hostname="IQZNGLLT018" failures="0" tests="6" name="testCases.TC004_AccountDDT004Test" time="18.073" errors="0" timestamp="2024-12-25T15:50:33 IST" skipped="0">
  <testcase classname="testCases.TC004_AccountDDT004Test" name="verify_DDT" time="3.016"/>
  <testcase classname="testCases.TC004_AccountDDT004Test" name="verify_DDT" time="3.012"/>
  <testcase classname="testCases.TC004_AccountDDT004Test" name="verify_DDT" time="3.015"/>
  <testcase classname="testCases.TC004_AccountDDT004Test" name="verify_DDT" time="3.015"/>
  <testcase classname="testCases.TC004_AccountDDT004Test" name="verify_DDT" time="3.008"/>
  <testcase classname="testCases.TC004_AccountDDT004Test" name="verify_DDT" time="3.007"/>
</testsuite> <!-- testCases.TC004_AccountDDT004Test -->
