<?xml version="1.0" encoding="UTF-8"?>
<!-- Generated by org.testng.reporters.JUnitReportReporter -->
<testsuite hostname="IQZNGLLT018" failures="0" tests="1" name="testCases.TC001_Account001Test" time="0.002" errors="0" timestamp="2024-12-25T15:50:33 IST" skipped="0">
  <testcase classname="testCases.TC001_Account001Test" name="getTC001_Account001Test" time="0.002"/>
</testsuite> <!-- testCases.TC001_Account001Test -->
