<?xml version="1.0" encoding="UTF-8"?>
<!-- Generated by org.testng.reporters.JUnitReportReporter -->
<testsuite hostname="IQZNGLLT018" failures="0" tests="1" name="testCases.TC002_Account002Test" time="0.005" errors="0" timestamp="2024-12-24T17:29:31 IST" skipped="0">
  <testcase classname="testCases.TC002_Account002Test" name="getTC002_Account002Test" time="0.005"/>
</testsuite> <!-- testCases.TC002_Account002Test -->
